c:\users\podav\source\repos\project_icp\project_icp\x64\debug\vc143.pdb
c:\users\podav\source\repos\project_icp\project_icp\x64\debug\vc143.idb
c:\users\podav\source\repos\project_icp\project_icp\x64\debug\project_icp.obj
c:\users\podav\source\repos\project_icp\project_icp\x64\debug\gl_err_callback.obj
c:\users\podav\source\repos\project_icp\project_icp\x64\debug\main.obj
c:\users\podav\source\repos\project_icp\project_icp\x64\debug\app.obj
c:\users\podav\source\repos\project_icp\x64\debug\project_icp.pdb
c:\users\podav\source\repos\project_icp\project_icp\x64\debug\project_icp.tlog\cl.command.1.tlog
c:\users\podav\source\repos\project_icp\project_icp\x64\debug\project_icp.tlog\cl.read.1.tlog
c:\users\podav\source\repos\project_icp\project_icp\x64\debug\project_icp.tlog\cl.write.1.tlog
c:\users\podav\source\repos\project_icp\project_icp\x64\debug\project_icp.tlog\link-cvtres.read.1.tlog
c:\users\podav\source\repos\project_icp\project_icp\x64\debug\project_icp.tlog\link-cvtres.write.1.tlog
c:\users\podav\source\repos\project_icp\project_icp\x64\debug\project_icp.tlog\link-rc.read.1.tlog
c:\users\podav\source\repos\project_icp\project_icp\x64\debug\project_icp.tlog\link-rc.write.1.tlog
c:\users\podav\source\repos\project_icp\project_icp\x64\debug\project_icp.tlog\link.command.1.tlog
c:\users\podav\source\repos\project_icp\project_icp\x64\debug\project_icp.tlog\link.read.1.tlog
c:\users\podav\source\repos\project_icp\project_icp\x64\debug\project_icp.tlog\link.read.2.tlog
c:\users\podav\source\repos\project_icp\project_icp\x64\debug\project_icp.tlog\link.read.3.tlog
c:\users\podav\source\repos\project_icp\project_icp\x64\debug\project_icp.tlog\link.read.4.tlog
c:\users\podav\source\repos\project_icp\project_icp\x64\debug\project_icp.tlog\link.read.5.tlog
c:\users\podav\source\repos\project_icp\project_icp\x64\debug\project_icp.tlog\link.write.1.tlog
