  ICP.cpp
  app.cpp
  Generování kódu...
glew32sd.lib(glew.obj) : warning LNK4099: Soubor .pdb  se nenašel s glew32sd.lib(glew.obj) nebo na . Objekt se propojí, jako by nebyly dostupné žádné ladicí informace.
app.obj : error LNK2019: Nerozpoznaný externí symbol "struct ImGuiContext * __cdecl ImGui::CreateContext(struct ImFontAtlas *)" (?CreateContext@ImGui@@YAPEAUImGuiContext@@PEAUImFontAtlas@@@Z) odkazovaný ve funkci "public: void __cdecl App::init_imgui(void)" (?init_imgui@App@@QEAAXXZ)
app.obj : error LNK2019: Nerozpoznaný externí symbol "void __cdecl ImGui::DestroyContext(struct ImGuiContext *)" (?DestroyContext@ImGui@@YAXPEAUImGuiContext@@@Z) odkazovaný ve funkci "public: void __cdecl App::destroy(void)" (?destroy@App@@QEAAXXZ)
app.obj : error LNK2019: Nerozpoznaný externí symbol "void __cdecl ImGui::NewFrame(void)" (?NewFrame@ImGui@@YAXXZ) odkazovaný ve funkci "public: int __cdecl App::run(void)" (?run@App@@QEAAHXZ)
app.obj : error LNK2019: Nerozpoznaný externí symbol "void __cdecl ImGui::Render(void)" (?Render@ImGui@@YAXXZ) odkazovaný ve funkci "public: int __cdecl App::run(void)" (?run@App@@QEAAHXZ)
app.obj : error LNK2019: Nerozpoznaný externí symbol "struct ImDrawData * __cdecl ImGui::GetDrawData(void)" (?GetDrawData@ImGui@@YAPEAUImDrawData@@XZ) odkazovaný ve funkci "public: int __cdecl App::run(void)" (?run@App@@QEAAHXZ)
app.obj : error LNK2019: Nerozpoznaný externí symbol "char const * __cdecl ImGui::GetVersion(void)" (?GetVersion@ImGui@@YAPEBDXZ) odkazovaný ve funkci "public: void __cdecl App::init_imgui(void)" (?init_imgui@App@@QEAAXXZ)
app.obj : error LNK2019: Nerozpoznaný externí symbol "bool __cdecl ImGui::Begin(char const *,bool *,int)" (?Begin@ImGui@@YA_NPEBDPEA_NH@Z) odkazovaný ve funkci "public: int __cdecl App::run(void)" (?run@App@@QEAAHXZ)
app.obj : error LNK2019: Nerozpoznaný externí symbol "void __cdecl ImGui::End(void)" (?End@ImGui@@YAXXZ) odkazovaný ve funkci "public: int __cdecl App::run(void)" (?run@App@@QEAAHXZ)
app.obj : error LNK2019: Nerozpoznaný externí symbol "void __cdecl ImGui::SetNextWindowPos(struct ImVec2 const &,int,struct ImVec2 const &)" (?SetNextWindowPos@ImGui@@YAXAEBUImVec2@@H0@Z) odkazovaný ve funkci "public: int __cdecl App::run(void)" (?run@App@@QEAAHXZ)
app.obj : error LNK2019: Nerozpoznaný externí symbol "void __cdecl ImGui::SetNextWindowSize(struct ImVec2 const &,int)" (?SetNextWindowSize@ImGui@@YAXAEBUImVec2@@H@Z) odkazovaný ve funkci "public: int __cdecl App::run(void)" (?run@App@@QEAAHXZ)
app.obj : error LNK2019: Nerozpoznaný externí symbol "void __cdecl ImGui::Text(char const *,...)" (?Text@ImGui@@YAXPEBDZZ) odkazovaný ve funkci "public: int __cdecl App::run(void)" (?run@App@@QEAAHXZ)
app.obj : error LNK2019: Nerozpoznaný externí symbol "bool __cdecl ImGui::DebugCheckVersionAndDataLayout(char const *,unsigned __int64,unsigned __int64,unsigned __int64,unsigned __int64,unsigned __int64,unsigned __int64)" (?DebugCheckVersionAndDataLayout@ImGui@@YA_NPEBD_K11111@Z) odkazovaný ve funkci "public: void __cdecl App::init_imgui(void)" (?init_imgui@App@@QEAAXXZ)
app.obj : error LNK2019: Nerozpoznaný externí symbol "bool __cdecl ImGui_ImplGlfw_InitForOpenGL(struct GLFWwindow *,bool)" (?ImGui_ImplGlfw_InitForOpenGL@@YA_NPEAUGLFWwindow@@_N@Z) odkazovaný ve funkci "public: void __cdecl App::init_imgui(void)" (?init_imgui@App@@QEAAXXZ)
app.obj : error LNK2019: Nerozpoznaný externí symbol "void __cdecl ImGui_ImplGlfw_Shutdown(void)" (?ImGui_ImplGlfw_Shutdown@@YAXXZ) odkazovaný ve funkci "public: void __cdecl App::destroy(void)" (?destroy@App@@QEAAXXZ)
app.obj : error LNK2019: Nerozpoznaný externí symbol "void __cdecl ImGui_ImplGlfw_NewFrame(void)" (?ImGui_ImplGlfw_NewFrame@@YAXXZ) odkazovaný ve funkci "public: int __cdecl App::run(void)" (?run@App@@QEAAHXZ)
app.obj : error LNK2019: Nerozpoznaný externí symbol "bool __cdecl ImGui_ImplOpenGL3_Init(char const *)" (?ImGui_ImplOpenGL3_Init@@YA_NPEBD@Z) odkazovaný ve funkci "public: void __cdecl App::init_imgui(void)" (?init_imgui@App@@QEAAXXZ)
app.obj : error LNK2019: Nerozpoznaný externí symbol "void __cdecl ImGui_ImplOpenGL3_Shutdown(void)" (?ImGui_ImplOpenGL3_Shutdown@@YAXXZ) odkazovaný ve funkci "public: void __cdecl App::destroy(void)" (?destroy@App@@QEAAXXZ)
app.obj : error LNK2019: Nerozpoznaný externí symbol "void __cdecl ImGui_ImplOpenGL3_NewFrame(void)" (?ImGui_ImplOpenGL3_NewFrame@@YAXXZ) odkazovaný ve funkci "public: int __cdecl App::run(void)" (?run@App@@QEAAHXZ)
app.obj : error LNK2019: Nerozpoznaný externí symbol "void __cdecl ImGui_ImplOpenGL3_RenderDrawData(struct ImDrawData *)" (?ImGui_ImplOpenGL3_RenderDrawData@@YAXPEAUImDrawData@@@Z) odkazovaný ve funkci "public: int __cdecl App::run(void)" (?run@App@@QEAAHXZ)
app.obj : error LNK2019: Nerozpoznaný externí symbol "private: static void __cdecl App::glfw_error_callback(int,char const *)" (?glfw_error_callback@App@@CAXHPEBD@Z) odkazovaný ve funkci "private: void __cdecl App::init_glfw(void)" (?init_glfw@App@@AEAAXXZ)
app.obj : error LNK2019: Nerozpoznaný externí symbol "private: static void __cdecl App::glfw_framebuffer_size_callback(struct GLFWwindow *,int,int)" (?glfw_framebuffer_size_callback@App@@CAXPEAUGLFWwindow@@HH@Z) odkazovaný ve funkci "private: void __cdecl App::init_glfw(void)" (?init_glfw@App@@AEAAXXZ)
app.obj : error LNK2019: Nerozpoznaný externí symbol "private: static void __cdecl App::glfw_mouse_button_callback(struct GLFWwindow *,int,int,int)" (?glfw_mouse_button_callback@App@@CAXPEAUGLFWwindow@@HHH@Z) odkazovaný ve funkci "private: void __cdecl App::init_glfw(void)" (?init_glfw@App@@AEAAXXZ)
app.obj : error LNK2019: Nerozpoznaný externí symbol "private: static void __cdecl App::glfw_key_callback(struct GLFWwindow *,int,int,int,int)" (?glfw_key_callback@App@@CAXPEAUGLFWwindow@@HHHH@Z) odkazovaný ve funkci "private: void __cdecl App::init_glfw(void)" (?init_glfw@App@@AEAAXXZ)
app.obj : error LNK2019: Nerozpoznaný externí symbol "private: static void __cdecl App::glfw_scroll_callback(struct GLFWwindow *,double,double)" (?glfw_scroll_callback@App@@CAXPEAUGLFWwindow@@NN@Z) odkazovaný ve funkci "private: void __cdecl App::init_glfw(void)" (?init_glfw@App@@AEAAXXZ)
app.obj : error LNK2019: Nerozpoznaný externí symbol "private: static void __cdecl App::MessageCallback(unsigned int,unsigned int,unsigned int,unsigned int,int,char const *,void const *)" (?MessageCallback@App@@CAXIIIIHPEBDPEBX@Z) odkazovaný ve funkci "private: void __cdecl App::init_gl_debug(void)" (?init_gl_debug@App@@AEAAXXZ)
C:\Users\podav\source\repos\Project_ICP\x64\Debug\Project_ICP.exe : fatal error LNK1120: Počet nerozpoznaných externích typů: 25
